<?xml version="1.0" encoding="utf-8"?><testsuites name="pytest tests"><testsuite name="pytest" errors="0" failures="0" skipped="0" tests="17" time="7.849" timestamp="2026-03-06T04:03:23.430747+00:00" hostname="agent-env-cc31955a-5009-4e21-a73a-383ba8f20d33"><testcase classname="tests.test_push_notifications.TestAuthFlow" name="test_login_success" time="0.983" /><testcase classname="tests.test_push_notifications.TestAuthFlow" name="test_login_invalid_credentials" time="0.420" /><testcase classname="tests.test_push_notifications.TestPushTokenRegistration" name="test_register_push_token_success" time="0.993" /><testcase classname="tests.test_push_notifications.TestPushTokenRegistration" name="test_register_push_token_update_existing" time="0.966" /><testcase classname="tests.test_push_notifications.TestPushTokenRegistration" name="test_register_push_token_invalid_format" time="0.317" /><testcase classname="tests.test_push_notifications.TestPushTokenRegistration" name="test_register_push_token_no_auth" time="0.126" /><testcase classname="tests.test_push_notifications.TestPushTokenRegistration" name="test_register_push_token_invalid_auth" time="0.320" /><testcase classname="tests.test_push_notifications.TestPushTokenUnregistration" name="test_unregister_push_tokens_success" time="0.713" /><testcase classname="tests.test_push_notifications.TestPushTokenUnregistration" name="test_unregister_no_auth" time="0.125" /><testcase classname="tests.test_push_notifications.TestCRMWebhook" name="test_webhook_order_created_success" time="0.134" /><testcase classname="tests.test_push_notifications.TestCRMWebhook" name="test_webhook_unknown_event" time="0.146" /><testcase classname="tests.test_push_notifications.TestCRMWebhook" name="test_webhook_invalid_json" time="0.122" /><testcase classname="tests.test_push_notifications.TestCRMWebhook" name="test_webhook_order_with_missing_customer" time="0.104" /><testcase classname="tests.test_push_notifications.TestTicketWebhook" name="test_webhook_ticket_reply" time="0.138" /><testcase classname="tests.test_push_notifications.TestPushNotificationTest" name="test_push_test_no_registered_token" time="0.720" /><testcase classname="tests.test_push_notifications.TestPushNotificationTest" name="test_push_test_no_auth" time="0.134" /><testcase classname="tests.test_push_notifications.TestOrderCreationSync" name="test_orders_list_authenticated" time="1.315" /></testsuite></testsuites>